app/build/outputs/logs/manifest-merger-debug-report.txt
-- Merging decision tree log ---
manifest
ADDED from src\main\AndroidManifest.xml:2:1-148:12
	package
		ADDED from src\main\AndroidManifest.xml:3:11-38
		INJECTED from src\main\AndroidManifest.xml
		INJECTED from src\main\AndroidManifest.xml
	android:versionName
		ADDED from src\main\AndroidManifest.xml:5:11-36
		INJECTED from src\main\AndroidManifest.xml
		INJECTED from src\main\AndroidManifest.xml
	android:versionCode
		ADDED from src\main\AndroidManifest.xml:4:11-34
		INJECTED from src\main\AndroidManifest.xml
		INJECTED from src\main\AndroidManifest.xml
	xmlns:android
		ADDED from src\main\AndroidManifest.xml:2:11-69
uses-permission#android.permission.INTERNET
ADDED from src\main\AndroidManifest.xml:7:5-66
	android:name
		ADDED from src\main\AndroidManifest.xml:7:22-64
uses-permission#android.permission.ACCES_MOCK_LOCATION
ADDED from src\main\AndroidManifest.xml:8:5-77
	android:name
		ADDED from src\main\AndroidManifest.xml:8:22-75
uses-permission#android.permission.ACCESS_GPS
ADDED from src\main\AndroidManifest.xml:9:5-68
	android:name
		ADDED from src\main\AndroidManifest.xml:9:22-66
uses-permission#android.permission.GET_TASKS
ADDED from src\main\AndroidManifest.xml:11:5-67
	android:name
		ADDED from src\main\AndroidManifest.xml:11:22-65
uses-permission#android.permission.BROADCAST_STICKY
ADDED from src\main\AndroidManifest.xml:12:5-74
	android:name
		ADDED from src\main\AndroidManifest.xml:12:22-72
uses-permission#android.permission.PROCESS_OUTGOING_CALLS
ADDED from src\main\AndroidManifest.xml:14:5-80
	android:name
		ADDED from src\main\AndroidManifest.xml:14:22-78
uses-permission#android.permission.MODIFY_AUDIO_SETTINGS
ADDED from src\main\AndroidManifest.xml:15:5-79
	android:name
		ADDED from src\main\AndroidManifest.xml:15:22-77
uses-permission#android.permission.RECORD_AUDIO
ADDED from src\main\AndroidManifest.xml:16:5-70
	android:name
		ADDED from src\main\AndroidManifest.xml:16:22-68
uses-permission#android.permission.CAMERA
ADDED from src\main\AndroidManifest.xml:18:5-64
	android:name
		ADDED from src\main\AndroidManifest.xml:18:22-62
uses-permission#com.android.launcher.permission.READ_SETTINGS
ADDED from src\main\AndroidManifest.xml:19:5-84
	android:name
		ADDED from src\main\AndroidManifest.xml:19:22-82
uses-permission#android.permission.WAKE_LOCK
ADDED from src\main\AndroidManifest.xml:20:5-67
	android:name
		ADDED from src\main\AndroidManifest.xml:20:22-65
uses-permission#android.permission.ACCESS_WIFI_STATE
ADDED from src\main\AndroidManifest.xml:21:5-75
	android:name
		ADDED from src\main\AndroidManifest.xml:21:22-73
uses-permission#android.permission.WRITE_SETTINGS
ADDED from src\main\AndroidManifest.xml:23:5-72
	android:name
		ADDED from src\main\AndroidManifest.xml:23:22-70
uses-permission#android.permission.ACCESS_COARSE_LOCATION
ADDED from src\main\AndroidManifest.xml:25:5-26:23
	android:name
		ADDED from src\main\AndroidManifest.xml:25:22-78
uses-permission#android.permission.ACCESS_FINE_LOCATION
ADDED from src\main\AndroidManifest.xml:28:5-29:23
	android:name
		ADDED from src\main\AndroidManifest.xml:28:22-76
uses-permission#android.permission.ACCESS_NETWORK_STATE
ADDED from src\main\AndroidManifest.xml:34:5-35:23
	android:name
		ADDED from src\main\AndroidManifest.xml:34:22-76
uses-permission#android.permission.CHANGE_WIFI_STATE
ADDED from src\main\AndroidManifest.xml:37:5-38:23
	android:name
		ADDED from src\main\AndroidManifest.xml:37:22-73
uses-permission#android.permission.READ_PHONE_STATE
ADDED from src\main\AndroidManifest.xml:40:5-41:23
	android:name
		ADDED from src\main\AndroidManifest.xml:40:22-72
uses-permission#android.permission.WRITE_EXTERNAL_STORAGE
ADDED from src\main\AndroidManifest.xml:43:5-44:23
	android:name
		ADDED from src\main\AndroidManifest.xml:43:22-78
uses-permission#android.permission.MOUNT_UNMOUNT_FILESYSTEMS
ADDED from src\main\AndroidManifest.xml:48:5-49:23
	android:name
		ADDED from src\main\AndroidManifest.xml:48:22-81
uses-feature#0x00020000
ADDED from src\main\AndroidManifest.xml:52:5-54:34
	android:glEsVersion
		ADDED from src\main\AndroidManifest.xml:53:9-41
	android:required
		ADDED from src\main\AndroidManifest.xml:54:9-32
application
ADDED from src\main\AndroidManifest.xml:56:5-146:19
MERGED from [org.xutils:xutils:3.3.38] AndroidManifest.xml:12:5-20
MERGED from [com.android.support:design:25.1.0] AndroidManifest.xml:25:5-20
MERGED from [com.android.support:appcompat-v7:25.1.0] AndroidManifest.xml:25:5-20
MERGED from [com.android.support:animated-vector-drawable:25.1.0] AndroidManifest.xml:22:5-20
MERGED from [com.android.support:support-vector-drawable:25.1.0] AndroidManifest.xml:23:5-20
MERGED from [com.android.support:transition:25.1.0] AndroidManifest.xml:22:5-20
MERGED from [com.android.support:support-v4:25.1.0] AndroidManifest.xml:25:5-20
MERGED from [com.android.support:support-fragment:25.1.0] AndroidManifest.xml:25:5-20
MERGED from [com.android.support:support-media-compat:25.1.0] AndroidManifest.xml:25:5-20
MERGED from [com.android.support:support-core-ui:25.1.0] AndroidManifest.xml:25:5-20
MERGED from [com.android.support:support-core-utils:25.1.0] AndroidManifest.xml:25:5-20
MERGED from [com.android.support:support-compat:25.1.0] AndroidManifest.xml:25:5-20
	android:label
		ADDED from src\main\AndroidManifest.xml:60:9-41
	android:allowBackup
		ADDED from src\main\AndroidManifest.xml:58:9-35
	android:icon
		ADDED from src\main\AndroidManifest.xml:59:9-38
	android:theme
		ADDED from src\main\AndroidManifest.xml:61:9-40
	android:name
		ADDED from src\main\AndroidManifest.xml:57:9-44
meta-data#com.baidu.lbsapi.API_KEY
ADDED from src\main\AndroidManifest.xml:67:9-69:63
	android:value
		ADDED from src\main\AndroidManifest.xml:69:13-61
	android:name
		ADDED from src\main\AndroidManifest.xml:68:13-52
activity#com.jetcloud.hgbw.activity.MainActivity
ADDED from src\main\AndroidManifest.xml:70:9-79:20
	android:label
		ADDED from src\main\AndroidManifest.xml:72:13-45
	android:theme
		ADDED from src\main\AndroidManifest.xml:73:13-56
	android:name
		ADDED from src\main\AndroidManifest.xml:71:13-50
activity#com.jetcloud.hgbw.activity.LoginActivity
ADDED from src\main\AndroidManifest.xml:80:9-83:20
	android:label
		ADDED from src\main\AndroidManifest.xml:82:13-57
	android:name
		ADDED from src\main\AndroidManifest.xml:81:13-51
activity#com.jetcloud.hgbw.activity.RegisterActivity
ADDED from src\main\AndroidManifest.xml:84:9-87:20
	android:label
		ADDED from src\main\AndroidManifest.xml:86:13-60
	android:name
		ADDED from src\main\AndroidManifest.xml:85:13-54
activity#com.jetcloud.hgbw.activity.MyTicketActivity
ADDED from src\main\AndroidManifest.xml:88:9-91:20
	android:label
		ADDED from src\main\AndroidManifest.xml:90:13-61
	android:name
		ADDED from src\main\AndroidManifest.xml:89:13-54
activity#com.jetcloud.hgbw.activity.DetailsActivity
ADDED from src\main\AndroidManifest.xml:92:9-95:20
	android:label
		ADDED from src\main\AndroidManifest.xml:94:13-59
	android:name
		ADDED from src\main\AndroidManifest.xml:93:13-53
activity#com.jetcloud.hgbw.activity.demo.LocationActivity
ADDED from src\main\AndroidManifest.xml:96:9-67
	android:name
		ADDED from src\main\AndroidManifest.xml:96:19-65
service#com.baidu.location.f
ADDED from src\main\AndroidManifest.xml:99:9-106:19
	android:enabled
		ADDED from src\main\AndroidManifest.xml:101:13-35
	android:process
		ADDED from src\main\AndroidManifest.xml:102:13-38
	android:name
		ADDED from src\main\AndroidManifest.xml:100:13-48
intent-filter#com.baidu.location.service_v2.6
ADDED from src\main\AndroidManifest.xml:103:13-105:29
action#com.baidu.location.service_v2.6
ADDED from src\main\AndroidManifest.xml:104:17-73
	android:name
		ADDED from src\main\AndroidManifest.xml:104:25-71
activity#com.jetcloud.hgbw.activity.QRCodeActivity
ADDED from src\main\AndroidManifest.xml:108:9-109:20
	android:name
		ADDED from src\main\AndroidManifest.xml:108:19-58
activity#com.jetcloud.hgbw.activity.HomePayActivity
ADDED from src\main\AndroidManifest.xml:110:9-111:20
	android:name
		ADDED from src\main\AndroidManifest.xml:110:19-59
activity#com.jetcloud.hgbw.activity.PayNextActivity
ADDED from src\main\AndroidManifest.xml:112:9-113:20
	android:name
		ADDED from src\main\AndroidManifest.xml:112:19-59
activity#com.jetcloud.hgbw.activity.DetailPayActivity
ADDED from src\main\AndroidManifest.xml:114:9-115:20
	android:name
		ADDED from src\main\AndroidManifest.xml:114:19-61
activity#com.jetcloud.hgbw.activity.MyWalletActivity
ADDED from src\main\AndroidManifest.xml:116:9-117:20
	android:name
		ADDED from src\main\AndroidManifest.xml:116:19-60
activity#com.jetcloud.hgbw.activity.BindingActivity
ADDED from src\main\AndroidManifest.xml:118:9-119:20
	android:name
		ADDED from src\main\AndroidManifest.xml:118:19-59
activity#com.jetcloud.hgbw.activity.CarPayActivity
ADDED from src\main\AndroidManifest.xml:120:9-121:20
	android:name
		ADDED from src\main\AndroidManifest.xml:120:19-58
activity#com.jetcloud.hgbw.activity.MyOrderActivity
ADDED from src\main\AndroidManifest.xml:122:9-123:20
	android:name
		ADDED from src\main\AndroidManifest.xml:122:19-59
activity#com.jetcloud.hgbw.activity.MachineListActivity
ADDED from src\main\AndroidManifest.xml:124:9-125:20
	android:name
		ADDED from src\main\AndroidManifest.xml:124:19-63
activity#com.jetcloud.hgbw.activity.RegisterSuccessActivity
ADDED from src\main\AndroidManifest.xml:126:9-127:20
	android:name
		ADDED from src\main\AndroidManifest.xml:126:19-67
activity#com.jetcloud.hgbw.activity.SettingActivity
ADDED from src\main\AndroidManifest.xml:128:9-129:20
	android:name
		ADDED from src\main\AndroidManifest.xml:128:19-59
activity#com.jetcloud.hgbw.activity.ForgotPasswordActivity
ADDED from src\main\AndroidManifest.xml:130:9-131:20
	android:name
		ADDED from src\main\AndroidManifest.xml:130:19-66
activity#com.jetcloud.hgbw.activity.EditAccountActivity
ADDED from src\main\AndroidManifest.xml:132:9-133:20
	android:name
		ADDED from src\main\AndroidManifest.xml:132:19-63
activity#com.jetcloud.hgbw.activity.demo.BaiduMapActivity
ADDED from src\main\AndroidManifest.xml:134:9-138:20
	android:label
		ADDED from src\main\AndroidManifest.xml:136:13-61
	android:theme
		ADDED from src\main\AndroidManifest.xml:137:13-44
	android:name
		ADDED from src\main\AndroidManifest.xml:135:13-59
activity#com.jetcloud.hgbw.activity.LoadingActivity
ADDED from src\main\AndroidManifest.xml:139:9-145:20
	android:name
		ADDED from src\main\AndroidManifest.xml:139:19-59
intent-filter#android.intent.action.MAIN+android.intent.category.LAUNCHER
ADDED from src\main\AndroidManifest.xml:140:13-144:29
action#android.intent.action.MAIN
ADDED from src\main\AndroidManifest.xml:141:17-68
	android:name
		ADDED from src\main\AndroidManifest.xml:141:25-66
category#android.intent.category.LAUNCHER
ADDED from src\main\AndroidManifest.xml:143:17-76
	android:name
		ADDED from src\main\AndroidManifest.xml:143:27-74
uses-sdk
INJECTED from src\main\AndroidManifest.xml reason: use-sdk injection requested
MERGED from [com.android.support:multidex:1.0.1] AndroidManifest.xml:18:5-42
MERGED from [org.xutils:xutils:3.3.38] AndroidManifest.xml:8:5-10:41
MERGED from [com.android.support:design:25.1.0] AndroidManifest.xml:21:5-23:62
MERGED from [com.android.support:appcompat-v7:25.1.0] AndroidManifest.xml:21:5-23:78
MERGED from [com.android.support:animated-vector-drawable:25.1.0] AndroidManifest.xml:20:5-44
MERGED from [com.android.support:support-vector-drawable:25.1.0] AndroidManifest.xml:21:5-43
MERGED from [com.android.support:recyclerview-v7:25.1.0] AndroidManifest.xml:20:5-43
MERGED from [com.android.support:transition:25.1.0] AndroidManifest.xml:20:5-44
MERGED from [com.android.support:support-v4:25.1.0] AndroidManifest.xml:21:5-23:54
MERGED from [com.android.support:support-fragment:25.1.0] AndroidManifest.xml:21:5-23:60
MERGED from [com.android.support:support-media-compat:25.1.0] AndroidManifest.xml:21:5-23:63
MERGED from [com.android.support:support-core-ui:25.1.0] AndroidManifest.xml:21:5-23:58
MERGED from [com.android.support:support-core-utils:25.1.0] AndroidManifest.xml:21:5-23:61
MERGED from [com.android.support:support-compat:25.1.0] AndroidManifest.xml:21:5-23:58
	tools:overrideLibrary
		ADDED from [com.android.support:design:25.1.0] AndroidManifest.xml:23:9-59
	android:targetSdkVersion
		INJECTED from src\main\AndroidManifest.xml
		INJECTED from src\main\AndroidManifest.xml
	android:minSdkVersion
		INJECTED from src\main\AndroidManifest.xml
		INJECTED from src\main\AndroidManifest.xml